<?xml version="1.0" encoding="UTF-8"?>
<!-- Generated by org.testng.reporters.JUnitReportReporter -->
<testsuite hostname="PC9WIN11" failures="0" tests="6" name="strongroom.TransferoutPatient01" time="462.086" errors="0" timestamp="2024-02-28T15:53:10 IST" skipped="0">
  <testcase classname="strongroom.TransferoutPatient01" name="transferoutPatient" time="94.525"/>
  <system-out/>
  <testcase classname="strongroom.TransferoutPatient01" name="transferoutPatient" time="113.242"/>
  <system-out/>
  <testcase classname="strongroom.TransferoutPatient01" name="transferoutPatient" time="78.273"/>
  <system-out/>
  <testcase classname="strongroom.TransferoutPatient01" name="transferoutPatient" time="76.103"/>
  <system-out/>
  <testcase classname="strongroom.TransferoutPatient01" name="transferoutPatient" time="46.155"/>
  <system-out/>
  <testcase classname="strongroom.TransferoutPatient01" name="transferoutPatient" time="53.788"/>
  <system-out/>
</testsuite> <!-- strongroom.TransferoutPatient01 -->
