<?xml version="1.0" encoding="UTF-8"?>
<!-- Generated by org.testng.reporters.JUnitReportReporter -->
<testsuite hostname="pc9" failures="0" tests="8" name="strongroom.TransferinImprest" time="101.834" errors="0" timestamp="2024-02-06T13:44:06 IST" skipped="0">
  <testcase classname="strongroom.TransferinImprest" name="transferinImprest" time="9.304"/>
  <system-out/>
  <testcase classname="strongroom.TransferinImprest" name="transferinImprest" time="7.992"/>
  <system-out/>
  <testcase classname="strongroom.TransferinImprest" name="transferinImprest" time="8.567"/>
  <system-out/>
  <testcase classname="strongroom.TransferinImprest" name="transferinImprest" time="40.137"/>
  <system-out/>
  <testcase classname="strongroom.TransferinImprest" name="transferinImprest" time="7.866"/>
  <system-out/>
  <testcase classname="strongroom.TransferinImprest" name="transferinImprest" time="7.729"/>
  <system-out/>
  <testcase classname="strongroom.TransferinImprest" name="transferinImprest" time="11.550"/>
  <system-out/>
  <testcase classname="strongroom.TransferinImprest" name="transferinImprest" time="8.689"/>
  <system-out/>
</testsuite> <!-- strongroom.TransferinImprest -->
