<?xml version="1.0" encoding="UTF-8"?>
<!-- Generated by org.testng.reporters.JUnitReportReporter -->
<testsuite hostname="pc9" failures="0" tests="8" name="strongroom.DestroyPatient" time="177.377" errors="0" timestamp="2024-02-06T13:44:06 IST" skipped="0">
  <testcase classname="strongroom.DestroyPatient" name="destroyPatient" time="9.908"/>
  <system-out/>
  <testcase classname="strongroom.DestroyPatient" name="destroyPatient" time="8.077"/>
  <system-out/>
  <testcase classname="strongroom.DestroyPatient" name="destroyPatient" time="25.115"/>
  <system-out/>
  <testcase classname="strongroom.DestroyPatient" name="destroyPatient" time="10.434"/>
  <system-out/>
  <testcase classname="strongroom.DestroyPatient" name="destroyPatient" time="14.180"/>
  <system-out/>
  <testcase classname="strongroom.DestroyPatient" name="destroyPatient" time="57.197"/>
  <system-out/>
  <testcase classname="strongroom.DestroyPatient" name="destroyPatient" time="8.852"/>
  <system-out/>
  <testcase classname="strongroom.DestroyPatient" name="destroyPatient" time="43.614"/>
  <system-out/>
</testsuite> <!-- strongroom.DestroyPatient -->
