<?xml version="1.0" encoding="UTF-8"?>
<!-- Generated by org.testng.reporters.JUnitReportReporter -->
<testsuite hostname="PC9WIN11" failures="0" tests="1" name="strongroom.Testing" time="88.497" errors="0" timestamp="2024-02-28T10:03:21 IST" skipped="0">
  <testcase classname="strongroom.Testing" name="automation" time="88.497"/>
  <system-out/>
</testsuite> <!-- strongroom.Testing -->
