<?xml version="1.0" encoding="UTF-8"?>
<!-- Generated by org.testng.reporters.JUnitReportReporter -->
<testsuite hostname="pc9" failures="0" tests="8" name="strongroom.TransferinPatient" time="106.314" errors="0" timestamp="2024-02-06T13:44:06 IST" skipped="0">
  <testcase classname="strongroom.TransferinPatient" name="transferinPatient" time="9.043"/>
  <system-out/>
  <testcase classname="strongroom.TransferinPatient" name="transferinPatient" time="9.984"/>
  <system-out/>
  <testcase classname="strongroom.TransferinPatient" name="transferinPatient" time="7.979"/>
  <system-out/>
  <testcase classname="strongroom.TransferinPatient" name="transferinPatient" time="7.998"/>
  <system-out/>
  <testcase classname="strongroom.TransferinPatient" name="transferinPatient" time="45.269"/>
  <system-out/>
  <testcase classname="strongroom.TransferinPatient" name="transferinPatient" time="10.190"/>
  <system-out/>
  <testcase classname="strongroom.TransferinPatient" name="transferinPatient" time="7.745"/>
  <system-out/>
  <testcase classname="strongroom.TransferinPatient" name="transferinPatient" time="8.106"/>
  <system-out/>
</testsuite> <!-- strongroom.TransferinPatient -->
