<?xml version="1.0" encoding="UTF-8"?>
<!-- Generated by org.testng.reporters.JUnitReportReporter -->
<testsuite hostname="pc9" failures="0" tests="8" name="strongroom.Outgoingimprest" time="117.942" errors="0" timestamp="2024-02-06T13:44:06 IST" skipped="0">
  <testcase classname="strongroom.Outgoingimprest" name="outgoingimprest" time="7.273"/>
  <system-out/>
  <testcase classname="strongroom.Outgoingimprest" name="outgoingimprest" time="10.504"/>
  <system-out/>
  <testcase classname="strongroom.Outgoingimprest" name="outgoingimprest" time="59.748"/>
  <system-out/>
  <testcase classname="strongroom.Outgoingimprest" name="outgoingimprest" time="7.695"/>
  <system-out/>
  <testcase classname="strongroom.Outgoingimprest" name="outgoingimprest" time="8.439"/>
  <system-out/>
  <testcase classname="strongroom.Outgoingimprest" name="outgoingimprest" time="8.359"/>
  <system-out/>
  <testcase classname="strongroom.Outgoingimprest" name="outgoingimprest" time="8.271"/>
  <system-out/>
  <testcase classname="strongroom.Outgoingimprest" name="outgoingimprest" time="7.653"/>
  <system-out/>
</testsuite> <!-- strongroom.Outgoingimprest -->
