<?xml version="1.0" encoding="UTF-8"?>
<!-- Generated by org.testng.reporters.JUnitReportReporter -->
<testsuite hostname="pc9" failures="0" tests="8" name="strongroom.Destroyimprest" time="101.813" errors="0" timestamp="2024-02-06T13:44:06 IST" skipped="0">
  <testcase classname="strongroom.Destroyimprest" name="destroyimprest" time="9.276"/>
  <system-out/>
  <testcase classname="strongroom.Destroyimprest" name="destroyimprest" time="9.384"/>
  <system-out/>
  <testcase classname="strongroom.Destroyimprest" name="destroyimprest" time="40.101"/>
  <system-out/>
  <testcase classname="strongroom.Destroyimprest" name="destroyimprest" time="7.342"/>
  <system-out/>
  <testcase classname="strongroom.Destroyimprest" name="destroyimprest" time="10.088"/>
  <system-out/>
  <testcase classname="strongroom.Destroyimprest" name="destroyimprest" time="7.278"/>
  <system-out/>
  <testcase classname="strongroom.Destroyimprest" name="destroyimprest" time="9.092"/>
  <system-out/>
  <testcase classname="strongroom.Destroyimprest" name="destroyimprest" time="9.252"/>
  <system-out/>
</testsuite> <!-- strongroom.Destroyimprest -->
